Watching for file changes with StatReloader
Internal Server Error: /
Traceback (most recent call last):
  File "E:\marketing_roi_analyzer\dashboard\views.py", line 21, in dashboard_view
    return render(request, 'dashboard/dashboard.html', context)
NameError: name 'context' is not defined

During handling of the above exception, another exception occurred:

Traceback (most recent call last):
  File "E:\marketing_roi_analyzer\venv\lib\site-packages\django\core\handlers\exception.py", line 55, in inner
    response = get_response(request)
  File "E:\marketing_roi_analyzer\venv\lib\site-packages\django\core\handlers\base.py", line 197, in _get_response
    response = wrapped_callback(request, *callback_args, **callback_kwargs)
  File "E:\marketing_roi_analyzer\dashboard\views.py", line 24, in dashboard_view
    return render(request, 'dashboard/error.html')
  File "E:\marketing_roi_analyzer\venv\lib\site-packages\django\shortcuts.py", line 25, in render
    content = loader.render_to_string(template_name, context, request, using=using)
  File "E:\marketing_roi_analyzer\venv\lib\site-packages\django\template\loader.py", line 61, in render_to_string
    template = get_template(template_name, using=using)
  File "E:\marketing_roi_analyzer\venv\lib\site-packages\django\template\loader.py", line 19, in get_template
    raise TemplateDoesNotExist(template_name, chain=chain)
django.template.exceptions.TemplateDoesNotExist: dashboard/error.html
"GET / HTTP/1.1" 500 83987
Not Found: /favicon.ico
"GET /favicon.ico HTTP/1.1" 404 2475
E:\marketing_roi_analyzer\dashboard\views.py changed, reloading.
Watching for file changes with StatReloader
"GET / HTTP/1.1" 200 4192
"GET / HTTP/1.1" 200 4192
"POST / HTTP/1.1" 200 4192
"GET /admin/ HTTP/1.1" 302 0
"GET /admin/login/?next=/admin/ HTTP/1.1" 200 4184
"GET /static/admin/css/dark_mode.css HTTP/1.1" 200 2808
"GET /static/admin/css/base.css HTTP/1.1" 200 22154
"GET /static/admin/css/nav_sidebar.css HTTP/1.1" 200 2810
"GET /static/admin/css/login.css HTTP/1.1" 200 951
"GET /static/admin/css/responsive.css HTTP/1.1" 200 16632
"GET /static/admin/js/theme.js HTTP/1.1" 200 1653
"GET /static/admin/js/nav_sidebar.js HTTP/1.1" 200 3063
"POST /admin/login/?next=/admin/ HTTP/1.1" 200 4350
"POST /admin/login/?next=/admin/ HTTP/1.1" 302 0
"GET /admin/ HTTP/1.1" 200 7201
"GET /static/admin/css/dashboard.css HTTP/1.1" 200 441
"GET /static/admin/img/icon-changelink.svg HTTP/1.1" 200 380
"GET /static/admin/img/icon-addlink.svg HTTP/1.1" 200 331
"GET /admin/auth/group/add/ HTTP/1.1" 200 12615
"GET /static/admin/css/forms.css HTTP/1.1" 200 8525
"GET /static/admin/js/jquery.init.js HTTP/1.1" 200 347
"GET /admin/jsi18n/ HTTP/1.1" 200 3342
"GET /static/admin/js/SelectBox.js HTTP/1.1" 200 4530
"GET /static/admin/css/widgets.css HTTP/1.1" 200 11991
"GET /static/admin/js/admin/RelatedObjectLookups.js HTTP/1.1" 200 9777
"GET /static/admin/js/core.js HTTP/1.1" 200 6208
"GET /static/admin/js/SelectFilter2.js HTTP/1.1" 200 15709
"GET /static/admin/js/urlify.js HTTP/1.1" 200 7887
"GET /static/admin/js/prepopulate.js HTTP/1.1" 200 1531
"GET /static/admin/js/actions.js HTTP/1.1" 200 8076
"GET /static/admin/js/prepopulate_init.js HTTP/1.1" 200 586
"GET /static/admin/js/vendor/jquery/jquery.js HTTP/1.1" 200 285314
"GET /static/admin/js/change_form.js HTTP/1.1" 200 606
"GET /static/admin/js/vendor/xregexp/xregexp.js HTTP/1.1" 200 325171
"GET /static/admin/img/selector-icons.svg HTTP/1.1" 200 3291
"GET /static/admin/img/search.svg HTTP/1.1" 200 458
"GET /admin/auth/user/add/ HTTP/1.1" 200 12917
"GET /admin/jsi18n/ HTTP/1.1" 200 3342
"GET /static/admin/css/unusable_password_field.css HTTP/1.1" 200 663
"GET /static/admin/js/unusable_password_field.js HTTP/1.1" 200 1480
"GET /admin/dashboard/campaign/add/ HTTP/1.1" 200 12005
"GET /static/admin/css/base.css HTTP/1.1" 304 0
"GET /static/admin/css/dark_mode.css HTTP/1.1" 304 0
"GET /static/admin/css/nav_sidebar.css HTTP/1.1" 304 0
"GET /static/admin/css/responsive.css HTTP/1.1" 304 0
"GET /static/admin/js/theme.js HTTP/1.1" 304 0
"GET /admin/jsi18n/ HTTP/1.1" 200 3342
"GET /static/admin/js/admin/DateTimeShortcuts.js HTTP/1.1" 200 19319
"GET /static/admin/js/calendar.js HTTP/1.1" 200 9141
"GET /static/admin/js/nav_sidebar.js HTTP/1.1" 304 0
"GET /static/admin/img/icon-calendar.svg HTTP/1.1" 200 1086
"GET /admin/auth/user/add/ HTTP/1.1" 200 12917
"GET /admin/auth/group/add/ HTTP/1.1" 200 12615
"GET /admin/ HTTP/1.1" 200 7201
"GET / HTTP/1.1" 200 4192
"POST / HTTP/1.1" 200 4192
"POST / HTTP/1.1" 200 4192
E:\marketing_roi_analyzer\dashboard\views.py changed, reloading.
Watching for file changes with StatReloader
E:\marketing_roi_analyzer\dashboard\views.py changed, reloading.
Watching for file changes with StatReloader
E:\marketing_roi_analyzer\dashboard\views.py changed, reloading.
Watching for file changes with StatReloader
Internal Server Error: /
Traceback (most recent call last):
  File "E:\marketing_roi_analyzer\venv\lib\site-packages\django\core\handlers\exception.py", line 55, in inner
    response = get_response(request)
  File "E:\marketing_roi_analyzer\venv\lib\site-packages\django\core\handlers\base.py", line 197, in _get_response
    response = wrapped_callback(request, *callback_args, **callback_kwargs)
  File "E:\marketing_roi_analyzer\dashboard\views.py", line 17, in dashboard_view
    cost = float(request.POST.get('cost'))
TypeError: float() argument must be a string or a real number, not 'NoneType'
"POST / HTTP/1.1" 500 69107
E:\marketing_roi_analyzer\dashboard\views.py changed, reloading.
Watching for file changes with StatReloader
E:\marketing_roi_analyzer\dashboard\views.py changed, reloading.
Watching for file changes with StatReloader
E:\marketing_roi_analyzer\dashboard\views.py changed, reloading.
Watching for file changes with StatReloader
"POST / HTTP/1.1" 200 4195
"POST / HTTP/1.1" 200 4202
"POST / HTTP/1.1" 200 4206
